<?xml version="1.0" encoding="UTF-8"?>
<testsuite name="tests.SingletonTest" tests="1" skipped="0" failures="0" errors="0" timestamp="2017-03-09T03:23:15" hostname="vagrant-ubuntu-trusty-64" time="0.002">
  <properties/>
  <testcase name="testSingleton" classname="tests.SingletonTest" time="0.002"/>
  <system-out><![CDATA[]]></system-out>
  <system-err><![CDATA[]]></system-err>
</testsuite>
