<?xml version="1.0" encoding="UTF-8"?>
<testsuite name="tests.WorkingWithMapsTest" tests="6" skipped="0" failures="0" errors="0" timestamp="2017-03-20T21:17:35" hostname="vagrant-ubuntu-trusty-64" time="0.01">
  <properties/>
  <testcase name="testMyMapContainsValue" classname="tests.WorkingWithMapsTest" time="0.001"/>
  <testcase name="testGetMyMapSize" classname="tests.WorkingWithMapsTest" time="0.001"/>
  <testcase name="testGetKeysUsingIterator" classname="tests.WorkingWithMapsTest" time="0.001"/>
  <testcase name="testGetValuesUsingIterator" classname="tests.WorkingWithMapsTest" time="0.001"/>
  <testcase name="testGetItemFromKey" classname="tests.WorkingWithMapsTest" time="0.003"/>
  <testcase name="testMyMapContainsKey" classname="tests.WorkingWithMapsTest" time="0.0"/>
  <system-out><![CDATA[]]></system-out>
  <system-err><![CDATA[]]></system-err>
</testsuite>
