<?xml version="1.0" encoding="UTF-8"?>
<testsuite name="tests.FontContextTest" tests="1" skipped="0" failures="0" errors="0" timestamp="2017-03-09T03:23:15" hostname="vagrant-ubuntu-trusty-64" time="0.028">
  <properties/>
  <testcase name="testStrategyPattern" classname="tests.FontContextTest" time="0.028"/>
  <system-out><![CDATA[]]></system-out>
  <system-err><![CDATA[]]></system-err>
</testsuite>
