<?xml version="1.0" encoding="UTF-8"?>
<testsuite name="tests.WorkingWithArraysTest" tests="2" skipped="0" failures="0" errors="0" timestamp="2017-03-09T03:23:15" hostname="vagrant-ubuntu-trusty-64" time="0.005">
  <properties/>
  <testcase name="testGetMyArraySize" classname="tests.WorkingWithArraysTest" time="0.003"/>
  <testcase name="testGetResultByWhileLoop" classname="tests.WorkingWithArraysTest" time="0.001"/>
  <system-out><![CDATA[]]></system-out>
  <system-err><![CDATA[]]></system-err>
</testsuite>
