<?xml version="1.0" encoding="UTF-8"?>
<testsuite name="tests.IcecreamDecoratorTest" tests="1" skipped="0" failures="0" errors="0" timestamp="2017-03-09T03:23:15" hostname="vagrant-ubuntu-trusty-64" time="0.03">
  <properties/>
  <testcase name="test" classname="tests.IcecreamDecoratorTest" time="0.03"/>
  <system-out><![CDATA[]]></system-out>
  <system-err><![CDATA[]]></system-err>
</testsuite>
