<?xml version="1.0" encoding="UTF-8"?>
<testsuite name="tests.WorkingWithSetsTest" tests="4" skipped="0" failures="0" errors="0" timestamp="2017-03-20T21:17:35" hostname="vagrant-ubuntu-trusty-64" time="0.008">
  <properties/>
  <testcase name="testAttemptToAddDuplicate" classname="tests.WorkingWithSetsTest" time="0.001"/>
  <testcase name="testGetMySetSum" classname="tests.WorkingWithSetsTest" time="0.001"/>
  <testcase name="testGetMySetSize" classname="tests.WorkingWithSetsTest" time="0.002"/>
  <testcase name="testRemoveFromMySet" classname="tests.WorkingWithSetsTest" time="0.002"/>
  <system-out><![CDATA[]]></system-out>
  <system-err><![CDATA[]]></system-err>
</testsuite>
