<?xml version="1.0" encoding="UTF-8"?>
<testsuite name="tests.FactoryTest" tests="1" skipped="0" failures="0" errors="0" timestamp="2017-03-09T03:23:15" hostname="vagrant-ubuntu-trusty-64" time="0.032">
  <properties/>
  <testcase name="testFactory" classname="tests.FactoryTest" time="0.032"/>
  <system-out><![CDATA[]]></system-out>
  <system-err><![CDATA[]]></system-err>
</testsuite>
